21:56 18-12-2024

# Get in right directory

# Get up to date
Already up to date.

# Run main file

# Upload to Github
[main 7f1368c] 215618122024
 1 file changed, 199 insertions(+), 199 deletions(-)
To github.com:LaurensGamet/Somtoday_Laurens.git
   0e9e627..7f1368c  main -> main


22:00 18-12-2024

# Get in right directory

# Get up to date
Already up to date.

# Run main file

# Upload to Github
[main 9706713] 220018122024
 1 file changed, 199 insertions(+), 199 deletions(-)
To github.com:LaurensGamet/Somtoday_Laurens.git
   7f1368c..9706713  main -> main


